0 info it worked if it ends with ok
1 verbose cli [ '/usr/local/Cellar/node/5.5.0/bin/node',
1 verbose cli   '/usr/local/bin/npm',
1 verbose cli   'run',
1 verbose cli   'build' ]
2 info using npm@3.7.2
3 info using node@v5.5.0
4 verbose run-script [ 'prebuild', 'build', 'postbuild' ]
5 info lifecycle @r/build@0.0.1~prebuild: @r/build@0.0.1
6 silly lifecycle @r/build@0.0.1~prebuild: no script for prebuild, continuing
7 info lifecycle @r/build@0.0.1~build: @r/build@0.0.1
8 verbose lifecycle @r/build@0.0.1~build: unsafe-perm in lifecycle true
9 verbose lifecycle @r/build@0.0.1~build: PATH: /usr/local/lib/node_modules/npm/bin/node-gyp-bin:/Users/schwers/src/reddit/r/build/node_modules/.bin:/usr/local/Cellar/node/5.5.0/bin:/usr/local/bin:/usr/bin:/bin:/usr/sbin:/sbin:/opt/X11/bin
10 verbose lifecycle @r/build@0.0.1~build: CWD: /Users/schwers/src/reddit/r/build
11 silly lifecycle @r/build@0.0.1~build: Args: [ '-c', 'node ./bin/index.js' ]
12 silly lifecycle @r/build@0.0.1~build: Returned: code: 1  signal: null
13 info lifecycle @r/build@0.0.1~build: Failed to exec build script
14 verbose stack Error: @r/build@0.0.1 build: `node ./bin/index.js`
14 verbose stack Exit status 1
14 verbose stack     at EventEmitter.<anonymous> (/usr/local/lib/node_modules/npm/lib/utils/lifecycle.js:239:16)
14 verbose stack     at emitTwo (events.js:100:13)
14 verbose stack     at EventEmitter.emit (events.js:185:7)
14 verbose stack     at ChildProcess.<anonymous> (/usr/local/lib/node_modules/npm/lib/utils/spawn.js:24:14)
14 verbose stack     at emitTwo (events.js:100:13)
14 verbose stack     at ChildProcess.emit (events.js:185:7)
14 verbose stack     at maybeClose (internal/child_process.js:821:16)
14 verbose stack     at Process.ChildProcess._handle.onexit (internal/child_process.js:211:5)
15 verbose pkgid @r/build@0.0.1
16 verbose cwd /Users/schwers/src/reddit/r/build
17 error Darwin 14.5.0
18 error argv "/usr/local/Cellar/node/5.5.0/bin/node" "/usr/local/bin/npm" "run" "build"
19 error node v5.5.0
20 error npm  v3.7.2
21 error code ELIFECYCLE
22 error @r/build@0.0.1 build: `node ./bin/index.js`
22 error Exit status 1
23 error Failed at the @r/build@0.0.1 build script 'node ./bin/index.js'.
23 error Make sure you have the latest version of node.js and npm installed.
23 error If you do, this is most likely a problem with the @r/build package,
23 error not with npm itself.
23 error Tell the author that this fails on your system:
23 error     node ./bin/index.js
23 error You can get information on how to open an issue for this project with:
23 error     npm bugs @r/build
23 error Or if that isn't available, you can get their info via:
23 error     npm owner ls @r/build
23 error There is likely additional logging output above.
24 verbose exit [ 1, true ]
